TN:
SF:src\app.ts
FN:8,main
FNF:1
FNH:1
FNDA:1,main
DA:1,1
DA:2,1
DA:3,1
DA:4,1
DA:5,1
DA:6,1
DA:7,1
DA:8,1
DA:9,1
DA:10,1
DA:11,1
DA:12,1
LF:12
LH:12
BRDA:4,0,0,1
BRDA:4,1,0,1
BRDA:8,2,0,1
BRF:3
BRH:3
end_of_record
TN:
SF:src\config\plugins\argv.plugin.ts
FNF:0
FNH:0
DA:1,1
DA:2,1
DA:3,1
DA:4,1
DA:5,1
DA:6,1
DA:7,1
DA:8,1
DA:9,1
DA:10,1
DA:11,1
DA:12,1
DA:13,1
DA:14,1
DA:15,1
DA:16,1
DA:17,1
DA:18,1
DA:19,1
DA:20,1
DA:21,1
DA:22,1
DA:23,1
DA:24,1
DA:25,1
DA:26,1
DA:27,1
DA:28,1
DA:29,1
DA:30,1
DA:31,1
DA:32,1
DA:33,1
DA:34,1
DA:35,1
DA:36,3
DA:37,3
DA:38,3
DA:39,1
LF:39
LH:39
BRDA:35,0,0,3
BRDA:36,1,0,0
BRF:2
BRH:1
end_of_record
TN:
SF:src\domain\use-cases\create-table.use-case.ts
FN:11,CreateTable
FN:13,execute
FNF:2
FNH:2
FNDA:3,CreateTable
FNDA:2,execute
DA:1,1
DA:2,1
DA:3,1
DA:4,1
DA:5,1
DA:6,1
DA:7,1
DA:8,1
DA:9,1
DA:10,1
DA:11,1
DA:12,1
DA:13,1
DA:14,2
DA:15,2
DA:16,2
DA:17,32
DA:18,32
DA:19,32
DA:20,2
DA:21,2
DA:22,1
LF:22
LH:22
BRDA:11,0,0,3
BRDA:13,1,0,2
BRDA:16,2,0,32
BRDA:18,3,0,30
BRF:4
BRH:4
end_of_record
TN:
SF:src\domain\use-cases\save-file.use-case.ts
FN:14,SaveFile
FN:15,execute
FNF:2
FNH:2
FNDA:5,SaveFile
FNDA:4,execute
DA:1,1
DA:2,1
DA:3,1
DA:4,1
DA:5,1
DA:6,1
DA:7,1
DA:8,1
DA:9,1
DA:10,1
DA:11,1
DA:12,1
DA:13,1
DA:14,1
DA:15,1
DA:16,4
DA:17,4
DA:18,4
DA:19,4
DA:20,4
DA:21,4
DA:22,4
DA:23,4
DA:24,4
DA:25,4
DA:26,2
DA:27,2
DA:28,2
DA:29,4
DA:30,1
LF:30
LH:30
BRDA:14,0,0,5
BRDA:15,1,0,4
BRDA:25,2,0,2
BRF:3
BRH:3
end_of_record
TN:
SF:src\presentation\server-app.ts
FN:13,run
FNF:1
FNH:1
FNDA:1,run
DA:1,1
DA:2,1
DA:3,1
DA:4,1
DA:5,1
DA:6,1
DA:7,1
DA:8,1
DA:9,1
DA:10,1
DA:11,1
DA:12,1
DA:13,1
DA:14,1
DA:15,1
DA:16,1
DA:17,1
DA:18,1
DA:19,1
DA:20,1
DA:21,1
DA:22,1
DA:23,1
DA:24,1
LF:24
LH:24
BRDA:13,0,0,1
BRDA:21,1,0,0
BRDA:22,2,0,0
BRF:3
BRH:1
end_of_record
